c:\users\user\documents\visual studio 2015\projects\collision\collision\x64\release\vc140.pdb
c:\users\user\documents\visual studio 2015\projects\collision\collision\x64\release\driver.obj
c:\users\user\documents\visual studio 2015\projects\collision\x64\release\collision\collision.cat
c:\users\user\documents\visual studio 2015\projects\collision\x64\release\collision.sys
c:\users\user\documents\visual studio 2015\projects\collision\x64\release\collision.pdb
c:\users\user\documents\visual studio 2015\projects\collision\collision\x64\release\msg_filetemp.bin
c:\users\user\documents\visual studio 2015\projects\collision\collision\x64\release\msg_file.rc
c:\users\user\documents\visual studio 2015\projects\collision\collision\x64\release\msg_file.h
c:\users\user\documents\visual studio 2015\projects\collision\collision\x64\release\msg_file_msg00001.bin
c:\users\user\documents\visual studio 2015\projects\collision\collision\x64\release\resource.res
c:\users\user\documents\visual studio 2015\projects\collision\collision\x64\release\collision.inf
c:\users\user\documents\visual studio 2015\projects\collision\x64\release\collision.cer
c:\users\user\documents\visual studio 2015\projects\collision\x64\release\collision.inf
c:\users\user\documents\visual studio 2015\projects\collision\collision\x64\release\collision.tlog\cl.command.1.tlog
c:\users\user\documents\visual studio 2015\projects\collision\collision\x64\release\collision.tlog\cl.read.1.tlog
c:\users\user\documents\visual studio 2015\projects\collision\collision\x64\release\collision.tlog\cl.write.1.tlog
c:\users\user\documents\visual studio 2015\projects\collision\collision\x64\release\collision.tlog\inf2cat-expand.10020.read.1.tlog
c:\users\user\documents\visual studio 2015\projects\collision\collision\x64\release\collision.tlog\inf2cat-expand.10020.write.1.tlog
c:\users\user\documents\visual studio 2015\projects\collision\collision\x64\release\collision.tlog\inf2cat-expand.10152.read.1.tlog
c:\users\user\documents\visual studio 2015\projects\collision\collision\x64\release\collision.tlog\inf2cat-expand.10152.write.1.tlog
c:\users\user\documents\visual studio 2015\projects\collision\collision\x64\release\collision.tlog\inf2cat-expand.1032.read.1.tlog
c:\users\user\documents\visual studio 2015\projects\collision\collision\x64\release\collision.tlog\inf2cat-expand.1032.write.1.tlog
c:\users\user\documents\visual studio 2015\projects\collision\collision\x64\release\collision.tlog\inf2cat-expand.10456.read.1.tlog
c:\users\user\documents\visual studio 2015\projects\collision\collision\x64\release\collision.tlog\inf2cat-expand.10456.write.1.tlog
c:\users\user\documents\visual studio 2015\projects\collision\collision\x64\release\collision.tlog\inf2cat-expand.10496.read.1.tlog
c:\users\user\documents\visual studio 2015\projects\collision\collision\x64\release\collision.tlog\inf2cat-expand.10496.write.1.tlog
c:\users\user\documents\visual studio 2015\projects\collision\collision\x64\release\collision.tlog\inf2cat-expand.10724.read.1.tlog
c:\users\user\documents\visual studio 2015\projects\collision\collision\x64\release\collision.tlog\inf2cat-expand.10724.write.1.tlog
c:\users\user\documents\visual studio 2015\projects\collision\collision\x64\release\collision.tlog\inf2cat-expand.11012.read.1.tlog
c:\users\user\documents\visual studio 2015\projects\collision\collision\x64\release\collision.tlog\inf2cat-expand.11012.write.1.tlog
c:\users\user\documents\visual studio 2015\projects\collision\collision\x64\release\collision.tlog\inf2cat-expand.11036.read.1.tlog
c:\users\user\documents\visual studio 2015\projects\collision\collision\x64\release\collision.tlog\inf2cat-expand.11036.write.1.tlog
c:\users\user\documents\visual studio 2015\projects\collision\collision\x64\release\collision.tlog\inf2cat-expand.1104.read.1.tlog
c:\users\user\documents\visual studio 2015\projects\collision\collision\x64\release\collision.tlog\inf2cat-expand.1104.write.1.tlog
c:\users\user\documents\visual studio 2015\projects\collision\collision\x64\release\collision.tlog\inf2cat-expand.11184.read.1.tlog
c:\users\user\documents\visual studio 2015\projects\collision\collision\x64\release\collision.tlog\inf2cat-expand.11184.write.1.tlog
c:\users\user\documents\visual studio 2015\projects\collision\collision\x64\release\collision.tlog\inf2cat-expand.11288.read.1.tlog
c:\users\user\documents\visual studio 2015\projects\collision\collision\x64\release\collision.tlog\inf2cat-expand.11288.write.1.tlog
c:\users\user\documents\visual studio 2015\projects\collision\collision\x64\release\collision.tlog\inf2cat-expand.11340.read.1.tlog
c:\users\user\documents\visual studio 2015\projects\collision\collision\x64\release\collision.tlog\inf2cat-expand.11340.write.1.tlog
c:\users\user\documents\visual studio 2015\projects\collision\collision\x64\release\collision.tlog\inf2cat-expand.1140.read.1.tlog
c:\users\user\documents\visual studio 2015\projects\collision\collision\x64\release\collision.tlog\inf2cat-expand.1140.write.1.tlog
c:\users\user\documents\visual studio 2015\projects\collision\collision\x64\release\collision.tlog\inf2cat-expand.11488.read.1.tlog
c:\users\user\documents\visual studio 2015\projects\collision\collision\x64\release\collision.tlog\inf2cat-expand.11488.write.1.tlog
c:\users\user\documents\visual studio 2015\projects\collision\collision\x64\release\collision.tlog\inf2cat-expand.11620.read.1.tlog
c:\users\user\documents\visual studio 2015\projects\collision\collision\x64\release\collision.tlog\inf2cat-expand.11620.write.1.tlog
c:\users\user\documents\visual studio 2015\projects\collision\collision\x64\release\collision.tlog\inf2cat-expand.11652.read.1.tlog
c:\users\user\documents\visual studio 2015\projects\collision\collision\x64\release\collision.tlog\inf2cat-expand.11652.write.1.tlog
c:\users\user\documents\visual studio 2015\projects\collision\collision\x64\release\collision.tlog\inf2cat-expand.11788.read.1.tlog
c:\users\user\documents\visual studio 2015\projects\collision\collision\x64\release\collision.tlog\inf2cat-expand.11788.write.1.tlog
c:\users\user\documents\visual studio 2015\projects\collision\collision\x64\release\collision.tlog\inf2cat-expand.1180.read.1.tlog
c:\users\user\documents\visual studio 2015\projects\collision\collision\x64\release\collision.tlog\inf2cat-expand.1180.write.1.tlog
c:\users\user\documents\visual studio 2015\projects\collision\collision\x64\release\collision.tlog\inf2cat-expand.11828.read.1.tlog
c:\users\user\documents\visual studio 2015\projects\collision\collision\x64\release\collision.tlog\inf2cat-expand.11828.write.1.tlog
c:\users\user\documents\visual studio 2015\projects\collision\collision\x64\release\collision.tlog\inf2cat-expand.11848.read.1.tlog
c:\users\user\documents\visual studio 2015\projects\collision\collision\x64\release\collision.tlog\inf2cat-expand.11848.write.1.tlog
c:\users\user\documents\visual studio 2015\projects\collision\collision\x64\release\collision.tlog\inf2cat-expand.11880.read.1.tlog
c:\users\user\documents\visual studio 2015\projects\collision\collision\x64\release\collision.tlog\inf2cat-expand.11880.write.1.tlog
c:\users\user\documents\visual studio 2015\projects\collision\collision\x64\release\collision.tlog\inf2cat-expand.11896.read.1.tlog
c:\users\user\documents\visual studio 2015\projects\collision\collision\x64\release\collision.tlog\inf2cat-expand.11896.write.1.tlog
c:\users\user\documents\visual studio 2015\projects\collision\collision\x64\release\collision.tlog\inf2cat-expand.11940.read.1.tlog
c:\users\user\documents\visual studio 2015\projects\collision\collision\x64\release\collision.tlog\inf2cat-expand.11940.write.1.tlog
c:\users\user\documents\visual studio 2015\projects\collision\collision\x64\release\collision.tlog\inf2cat-expand.1196.read.1.tlog
c:\users\user\documents\visual studio 2015\projects\collision\collision\x64\release\collision.tlog\inf2cat-expand.1196.write.1.tlog
c:\users\user\documents\visual studio 2015\projects\collision\collision\x64\release\collision.tlog\inf2cat-expand.12036.read.1.tlog
c:\users\user\documents\visual studio 2015\projects\collision\collision\x64\release\collision.tlog\inf2cat-expand.12036.write.1.tlog
c:\users\user\documents\visual studio 2015\projects\collision\collision\x64\release\collision.tlog\inf2cat-expand.12060.read.1.tlog
c:\users\user\documents\visual studio 2015\projects\collision\collision\x64\release\collision.tlog\inf2cat-expand.12060.write.1.tlog
c:\users\user\documents\visual studio 2015\projects\collision\collision\x64\release\collision.tlog\inf2cat-expand.12252.read.1.tlog
c:\users\user\documents\visual studio 2015\projects\collision\collision\x64\release\collision.tlog\inf2cat-expand.12252.write.1.tlog
c:\users\user\documents\visual studio 2015\projects\collision\collision\x64\release\collision.tlog\inf2cat-expand.12640.read.1.tlog
c:\users\user\documents\visual studio 2015\projects\collision\collision\x64\release\collision.tlog\inf2cat-expand.12640.write.1.tlog
c:\users\user\documents\visual studio 2015\projects\collision\collision\x64\release\collision.tlog\inf2cat-expand.12684.read.1.tlog
c:\users\user\documents\visual studio 2015\projects\collision\collision\x64\release\collision.tlog\inf2cat-expand.12684.write.1.tlog
c:\users\user\documents\visual studio 2015\projects\collision\collision\x64\release\collision.tlog\inf2cat-expand.12700.read.1.tlog
c:\users\user\documents\visual studio 2015\projects\collision\collision\x64\release\collision.tlog\inf2cat-expand.12700.write.1.tlog
c:\users\user\documents\visual studio 2015\projects\collision\collision\x64\release\collision.tlog\inf2cat-expand.12760.read.1.tlog
c:\users\user\documents\visual studio 2015\projects\collision\collision\x64\release\collision.tlog\inf2cat-expand.12760.write.1.tlog
c:\users\user\documents\visual studio 2015\projects\collision\collision\x64\release\collision.tlog\inf2cat-expand.12788.read.1.tlog
c:\users\user\documents\visual studio 2015\projects\collision\collision\x64\release\collision.tlog\inf2cat-expand.12788.write.1.tlog
c:\users\user\documents\visual studio 2015\projects\collision\collision\x64\release\collision.tlog\inf2cat-expand.12836.read.1.tlog
c:\users\user\documents\visual studio 2015\projects\collision\collision\x64\release\collision.tlog\inf2cat-expand.12836.write.1.tlog
c:\users\user\documents\visual studio 2015\projects\collision\collision\x64\release\collision.tlog\inf2cat-expand.12916.read.1.tlog
c:\users\user\documents\visual studio 2015\projects\collision\collision\x64\release\collision.tlog\inf2cat-expand.12916.write.1.tlog
c:\users\user\documents\visual studio 2015\projects\collision\collision\x64\release\collision.tlog\inf2cat-expand.13016.read.1.tlog
c:\users\user\documents\visual studio 2015\projects\collision\collision\x64\release\collision.tlog\inf2cat-expand.13016.write.1.tlog
c:\users\user\documents\visual studio 2015\projects\collision\collision\x64\release\collision.tlog\inf2cat-expand.13220.read.1.tlog
c:\users\user\documents\visual studio 2015\projects\collision\collision\x64\release\collision.tlog\inf2cat-expand.13220.write.1.tlog
c:\users\user\documents\visual studio 2015\projects\collision\collision\x64\release\collision.tlog\inf2cat-expand.1332.read.1.tlog
c:\users\user\documents\visual studio 2015\projects\collision\collision\x64\release\collision.tlog\inf2cat-expand.1332.write.1.tlog
c:\users\user\documents\visual studio 2015\projects\collision\collision\x64\release\collision.tlog\inf2cat-expand.13668.read.1.tlog
c:\users\user\documents\visual studio 2015\projects\collision\collision\x64\release\collision.tlog\inf2cat-expand.13668.write.1.tlog
c:\users\user\documents\visual studio 2015\projects\collision\collision\x64\release\collision.tlog\inf2cat-expand.13888.read.1.tlog
c:\users\user\documents\visual studio 2015\projects\collision\collision\x64\release\collision.tlog\inf2cat-expand.13888.write.1.tlog
c:\users\user\documents\visual studio 2015\projects\collision\collision\x64\release\collision.tlog\inf2cat-expand.14004.read.1.tlog
c:\users\user\documents\visual studio 2015\projects\collision\collision\x64\release\collision.tlog\inf2cat-expand.14004.write.1.tlog
c:\users\user\documents\visual studio 2015\projects\collision\collision\x64\release\collision.tlog\inf2cat-expand.14144.read.1.tlog
c:\users\user\documents\visual studio 2015\projects\collision\collision\x64\release\collision.tlog\inf2cat-expand.14144.write.1.tlog
c:\users\user\documents\visual studio 2015\projects\collision\collision\x64\release\collision.tlog\inf2cat-expand.14196.read.1.tlog
c:\users\user\documents\visual studio 2015\projects\collision\collision\x64\release\collision.tlog\inf2cat-expand.14196.write.1.tlog
c:\users\user\documents\visual studio 2015\projects\collision\collision\x64\release\collision.tlog\inf2cat-expand.14228.read.1.tlog
c:\users\user\documents\visual studio 2015\projects\collision\collision\x64\release\collision.tlog\inf2cat-expand.14228.write.1.tlog
c:\users\user\documents\visual studio 2015\projects\collision\collision\x64\release\collision.tlog\inf2cat-expand.14236.read.1.tlog
c:\users\user\documents\visual studio 2015\projects\collision\collision\x64\release\collision.tlog\inf2cat-expand.14236.write.1.tlog
c:\users\user\documents\visual studio 2015\projects\collision\collision\x64\release\collision.tlog\inf2cat-expand.14344.read.1.tlog
c:\users\user\documents\visual studio 2015\projects\collision\collision\x64\release\collision.tlog\inf2cat-expand.14344.write.1.tlog
c:\users\user\documents\visual studio 2015\projects\collision\collision\x64\release\collision.tlog\inf2cat-expand.1452.read.1.tlog
c:\users\user\documents\visual studio 2015\projects\collision\collision\x64\release\collision.tlog\inf2cat-expand.1452.write.1.tlog
c:\users\user\documents\visual studio 2015\projects\collision\collision\x64\release\collision.tlog\inf2cat-expand.14704.read.1.tlog
c:\users\user\documents\visual studio 2015\projects\collision\collision\x64\release\collision.tlog\inf2cat-expand.14704.write.1.tlog
c:\users\user\documents\visual studio 2015\projects\collision\collision\x64\release\collision.tlog\inf2cat-expand.14900.read.1.tlog
c:\users\user\documents\visual studio 2015\projects\collision\collision\x64\release\collision.tlog\inf2cat-expand.14900.write.1.tlog
c:\users\user\documents\visual studio 2015\projects\collision\collision\x64\release\collision.tlog\inf2cat-expand.14908.read.1.tlog
c:\users\user\documents\visual studio 2015\projects\collision\collision\x64\release\collision.tlog\inf2cat-expand.14908.write.1.tlog
c:\users\user\documents\visual studio 2015\projects\collision\collision\x64\release\collision.tlog\inf2cat-expand.15144.read.1.tlog
c:\users\user\documents\visual studio 2015\projects\collision\collision\x64\release\collision.tlog\inf2cat-expand.15144.write.1.tlog
c:\users\user\documents\visual studio 2015\projects\collision\collision\x64\release\collision.tlog\inf2cat-expand.15240.read.1.tlog
c:\users\user\documents\visual studio 2015\projects\collision\collision\x64\release\collision.tlog\inf2cat-expand.15240.write.1.tlog
c:\users\user\documents\visual studio 2015\projects\collision\collision\x64\release\collision.tlog\inf2cat-expand.15568.read.1.tlog
c:\users\user\documents\visual studio 2015\projects\collision\collision\x64\release\collision.tlog\inf2cat-expand.15568.write.1.tlog
c:\users\user\documents\visual studio 2015\projects\collision\collision\x64\release\collision.tlog\inf2cat-expand.15604.read.1.tlog
c:\users\user\documents\visual studio 2015\projects\collision\collision\x64\release\collision.tlog\inf2cat-expand.15604.write.1.tlog
c:\users\user\documents\visual studio 2015\projects\collision\collision\x64\release\collision.tlog\inf2cat-expand.15812.read.1.tlog
c:\users\user\documents\visual studio 2015\projects\collision\collision\x64\release\collision.tlog\inf2cat-expand.15812.write.1.tlog
c:\users\user\documents\visual studio 2015\projects\collision\collision\x64\release\collision.tlog\inf2cat-expand.16076.read.1.tlog
c:\users\user\documents\visual studio 2015\projects\collision\collision\x64\release\collision.tlog\inf2cat-expand.16076.write.1.tlog
c:\users\user\documents\visual studio 2015\projects\collision\collision\x64\release\collision.tlog\inf2cat-expand.16424.read.1.tlog
c:\users\user\documents\visual studio 2015\projects\collision\collision\x64\release\collision.tlog\inf2cat-expand.16424.write.1.tlog
c:\users\user\documents\visual studio 2015\projects\collision\collision\x64\release\collision.tlog\inf2cat-expand.16700.read.1.tlog
c:\users\user\documents\visual studio 2015\projects\collision\collision\x64\release\collision.tlog\inf2cat-expand.16700.write.1.tlog
c:\users\user\documents\visual studio 2015\projects\collision\collision\x64\release\collision.tlog\inf2cat-expand.16732.read.1.tlog
c:\users\user\documents\visual studio 2015\projects\collision\collision\x64\release\collision.tlog\inf2cat-expand.16732.write.1.tlog
c:\users\user\documents\visual studio 2015\projects\collision\collision\x64\release\collision.tlog\inf2cat-expand.16900.read.1.tlog
c:\users\user\documents\visual studio 2015\projects\collision\collision\x64\release\collision.tlog\inf2cat-expand.16900.write.1.tlog
c:\users\user\documents\visual studio 2015\projects\collision\collision\x64\release\collision.tlog\inf2cat-expand.1692.read.1.tlog
c:\users\user\documents\visual studio 2015\projects\collision\collision\x64\release\collision.tlog\inf2cat-expand.1692.write.1.tlog
c:\users\user\documents\visual studio 2015\projects\collision\collision\x64\release\collision.tlog\inf2cat-expand.17108.read.1.tlog
c:\users\user\documents\visual studio 2015\projects\collision\collision\x64\release\collision.tlog\inf2cat-expand.17108.write.1.tlog
c:\users\user\documents\visual studio 2015\projects\collision\collision\x64\release\collision.tlog\inf2cat-expand.17464.read.1.tlog
c:\users\user\documents\visual studio 2015\projects\collision\collision\x64\release\collision.tlog\inf2cat-expand.17464.write.1.tlog
c:\users\user\documents\visual studio 2015\projects\collision\collision\x64\release\collision.tlog\inf2cat-expand.17940.read.1.tlog
c:\users\user\documents\visual studio 2015\projects\collision\collision\x64\release\collision.tlog\inf2cat-expand.17940.write.1.tlog
c:\users\user\documents\visual studio 2015\projects\collision\collision\x64\release\collision.tlog\inf2cat-expand.18240.read.1.tlog
c:\users\user\documents\visual studio 2015\projects\collision\collision\x64\release\collision.tlog\inf2cat-expand.18240.write.1.tlog
c:\users\user\documents\visual studio 2015\projects\collision\collision\x64\release\collision.tlog\inf2cat-expand.18372.read.1.tlog
c:\users\user\documents\visual studio 2015\projects\collision\collision\x64\release\collision.tlog\inf2cat-expand.18372.write.1.tlog
c:\users\user\documents\visual studio 2015\projects\collision\collision\x64\release\collision.tlog\inf2cat-expand.18556.read.1.tlog
c:\users\user\documents\visual studio 2015\projects\collision\collision\x64\release\collision.tlog\inf2cat-expand.18556.write.1.tlog
c:\users\user\documents\visual studio 2015\projects\collision\collision\x64\release\collision.tlog\inf2cat-expand.1872.read.1.tlog
c:\users\user\documents\visual studio 2015\projects\collision\collision\x64\release\collision.tlog\inf2cat-expand.1872.write.1.tlog
c:\users\user\documents\visual studio 2015\projects\collision\collision\x64\release\collision.tlog\inf2cat-expand.18852.read.1.tlog
c:\users\user\documents\visual studio 2015\projects\collision\collision\x64\release\collision.tlog\inf2cat-expand.18852.write.1.tlog
c:\users\user\documents\visual studio 2015\projects\collision\collision\x64\release\collision.tlog\inf2cat-expand.19140.read.1.tlog
c:\users\user\documents\visual studio 2015\projects\collision\collision\x64\release\collision.tlog\inf2cat-expand.19140.write.1.tlog
c:\users\user\documents\visual studio 2015\projects\collision\collision\x64\release\collision.tlog\inf2cat-expand.19188.read.1.tlog
c:\users\user\documents\visual studio 2015\projects\collision\collision\x64\release\collision.tlog\inf2cat-expand.19188.write.1.tlog
c:\users\user\documents\visual studio 2015\projects\collision\collision\x64\release\collision.tlog\inf2cat-expand.19292.read.1.tlog
c:\users\user\documents\visual studio 2015\projects\collision\collision\x64\release\collision.tlog\inf2cat-expand.19292.write.1.tlog
c:\users\user\documents\visual studio 2015\projects\collision\collision\x64\release\collision.tlog\inf2cat-expand.19360.read.1.tlog
c:\users\user\documents\visual studio 2015\projects\collision\collision\x64\release\collision.tlog\inf2cat-expand.19360.write.1.tlog
c:\users\user\documents\visual studio 2015\projects\collision\collision\x64\release\collision.tlog\inf2cat-expand.19896.read.1.tlog
c:\users\user\documents\visual studio 2015\projects\collision\collision\x64\release\collision.tlog\inf2cat-expand.19896.write.1.tlog
c:\users\user\documents\visual studio 2015\projects\collision\collision\x64\release\collision.tlog\inf2cat-expand.20040.read.1.tlog
c:\users\user\documents\visual studio 2015\projects\collision\collision\x64\release\collision.tlog\inf2cat-expand.20040.write.1.tlog
c:\users\user\documents\visual studio 2015\projects\collision\collision\x64\release\collision.tlog\inf2cat-expand.20288.read.1.tlog
c:\users\user\documents\visual studio 2015\projects\collision\collision\x64\release\collision.tlog\inf2cat-expand.20288.write.1.tlog
c:\users\user\documents\visual studio 2015\projects\collision\collision\x64\release\collision.tlog\inf2cat-expand.20376.read.1.tlog
c:\users\user\documents\visual studio 2015\projects\collision\collision\x64\release\collision.tlog\inf2cat-expand.20376.write.1.tlog
c:\users\user\documents\visual studio 2015\projects\collision\collision\x64\release\collision.tlog\inf2cat-expand.2108.read.1.tlog
c:\users\user\documents\visual studio 2015\projects\collision\collision\x64\release\collision.tlog\inf2cat-expand.2108.write.1.tlog
c:\users\user\documents\visual studio 2015\projects\collision\collision\x64\release\collision.tlog\inf2cat-expand.21148.read.1.tlog
c:\users\user\documents\visual studio 2015\projects\collision\collision\x64\release\collision.tlog\inf2cat-expand.21148.write.1.tlog
c:\users\user\documents\visual studio 2015\projects\collision\collision\x64\release\collision.tlog\inf2cat-expand.21340.read.1.tlog
c:\users\user\documents\visual studio 2015\projects\collision\collision\x64\release\collision.tlog\inf2cat-expand.21340.write.1.tlog
c:\users\user\documents\visual studio 2015\projects\collision\collision\x64\release\collision.tlog\inf2cat-expand.21360.read.1.tlog
c:\users\user\documents\visual studio 2015\projects\collision\collision\x64\release\collision.tlog\inf2cat-expand.21360.write.1.tlog
c:\users\user\documents\visual studio 2015\projects\collision\collision\x64\release\collision.tlog\inf2cat-expand.21552.read.1.tlog
c:\users\user\documents\visual studio 2015\projects\collision\collision\x64\release\collision.tlog\inf2cat-expand.21552.write.1.tlog
c:\users\user\documents\visual studio 2015\projects\collision\collision\x64\release\collision.tlog\inf2cat-expand.2156.read.1.tlog
c:\users\user\documents\visual studio 2015\projects\collision\collision\x64\release\collision.tlog\inf2cat-expand.2156.write.1.tlog
c:\users\user\documents\visual studio 2015\projects\collision\collision\x64\release\collision.tlog\inf2cat-expand.21720.read.1.tlog
c:\users\user\documents\visual studio 2015\projects\collision\collision\x64\release\collision.tlog\inf2cat-expand.21720.write.1.tlog
c:\users\user\documents\visual studio 2015\projects\collision\collision\x64\release\collision.tlog\inf2cat-expand.21844.read.1.tlog
c:\users\user\documents\visual studio 2015\projects\collision\collision\x64\release\collision.tlog\inf2cat-expand.21844.write.1.tlog
c:\users\user\documents\visual studio 2015\projects\collision\collision\x64\release\collision.tlog\inf2cat-expand.2240.read.1.tlog
c:\users\user\documents\visual studio 2015\projects\collision\collision\x64\release\collision.tlog\inf2cat-expand.2240.write.1.tlog
c:\users\user\documents\visual studio 2015\projects\collision\collision\x64\release\collision.tlog\inf2cat-expand.2616.read.1.tlog
c:\users\user\documents\visual studio 2015\projects\collision\collision\x64\release\collision.tlog\inf2cat-expand.2616.write.1.tlog
c:\users\user\documents\visual studio 2015\projects\collision\collision\x64\release\collision.tlog\inf2cat-expand.3108.read.1.tlog
c:\users\user\documents\visual studio 2015\projects\collision\collision\x64\release\collision.tlog\inf2cat-expand.3108.write.1.tlog
c:\users\user\documents\visual studio 2015\projects\collision\collision\x64\release\collision.tlog\inf2cat-expand.3124.read.1.tlog
c:\users\user\documents\visual studio 2015\projects\collision\collision\x64\release\collision.tlog\inf2cat-expand.3124.write.1.tlog
c:\users\user\documents\visual studio 2015\projects\collision\collision\x64\release\collision.tlog\inf2cat-expand.3784.read.1.tlog
c:\users\user\documents\visual studio 2015\projects\collision\collision\x64\release\collision.tlog\inf2cat-expand.3784.write.1.tlog
c:\users\user\documents\visual studio 2015\projects\collision\collision\x64\release\collision.tlog\inf2cat-expand.3864.read.1.tlog
c:\users\user\documents\visual studio 2015\projects\collision\collision\x64\release\collision.tlog\inf2cat-expand.3864.write.1.tlog
c:\users\user\documents\visual studio 2015\projects\collision\collision\x64\release\collision.tlog\inf2cat-expand.3888.read.1.tlog
c:\users\user\documents\visual studio 2015\projects\collision\collision\x64\release\collision.tlog\inf2cat-expand.3888.write.1.tlog
c:\users\user\documents\visual studio 2015\projects\collision\collision\x64\release\collision.tlog\inf2cat-expand.3896.read.1.tlog
c:\users\user\documents\visual studio 2015\projects\collision\collision\x64\release\collision.tlog\inf2cat-expand.3896.write.1.tlog
c:\users\user\documents\visual studio 2015\projects\collision\collision\x64\release\collision.tlog\inf2cat-expand.3900.read.1.tlog
c:\users\user\documents\visual studio 2015\projects\collision\collision\x64\release\collision.tlog\inf2cat-expand.3900.write.1.tlog
c:\users\user\documents\visual studio 2015\projects\collision\collision\x64\release\collision.tlog\inf2cat-expand.4088.read.1.tlog
c:\users\user\documents\visual studio 2015\projects\collision\collision\x64\release\collision.tlog\inf2cat-expand.4088.write.1.tlog
c:\users\user\documents\visual studio 2015\projects\collision\collision\x64\release\collision.tlog\inf2cat-expand.4224.read.1.tlog
c:\users\user\documents\visual studio 2015\projects\collision\collision\x64\release\collision.tlog\inf2cat-expand.4224.write.1.tlog
c:\users\user\documents\visual studio 2015\projects\collision\collision\x64\release\collision.tlog\inf2cat-expand.4384.read.1.tlog
c:\users\user\documents\visual studio 2015\projects\collision\collision\x64\release\collision.tlog\inf2cat-expand.4384.write.1.tlog
c:\users\user\documents\visual studio 2015\projects\collision\collision\x64\release\collision.tlog\inf2cat-expand.4488.read.1.tlog
c:\users\user\documents\visual studio 2015\projects\collision\collision\x64\release\collision.tlog\inf2cat-expand.4488.write.1.tlog
c:\users\user\documents\visual studio 2015\projects\collision\collision\x64\release\collision.tlog\inf2cat-expand.4792.read.1.tlog
c:\users\user\documents\visual studio 2015\projects\collision\collision\x64\release\collision.tlog\inf2cat-expand.4792.write.1.tlog
c:\users\user\documents\visual studio 2015\projects\collision\collision\x64\release\collision.tlog\inf2cat-expand.4816.read.1.tlog
c:\users\user\documents\visual studio 2015\projects\collision\collision\x64\release\collision.tlog\inf2cat-expand.4816.write.1.tlog
c:\users\user\documents\visual studio 2015\projects\collision\collision\x64\release\collision.tlog\inf2cat-expand.4912.read.1.tlog
c:\users\user\documents\visual studio 2015\projects\collision\collision\x64\release\collision.tlog\inf2cat-expand.4912.write.1.tlog
c:\users\user\documents\visual studio 2015\projects\collision\collision\x64\release\collision.tlog\inf2cat-expand.4960.read.1.tlog
c:\users\user\documents\visual studio 2015\projects\collision\collision\x64\release\collision.tlog\inf2cat-expand.4960.write.1.tlog
c:\users\user\documents\visual studio 2015\projects\collision\collision\x64\release\collision.tlog\inf2cat-expand.4972.read.1.tlog
c:\users\user\documents\visual studio 2015\projects\collision\collision\x64\release\collision.tlog\inf2cat-expand.4972.write.1.tlog
c:\users\user\documents\visual studio 2015\projects\collision\collision\x64\release\collision.tlog\inf2cat-expand.5108.read.1.tlog
c:\users\user\documents\visual studio 2015\projects\collision\collision\x64\release\collision.tlog\inf2cat-expand.5108.write.1.tlog
c:\users\user\documents\visual studio 2015\projects\collision\collision\x64\release\collision.tlog\inf2cat-expand.5300.read.1.tlog
c:\users\user\documents\visual studio 2015\projects\collision\collision\x64\release\collision.tlog\inf2cat-expand.5300.write.1.tlog
c:\users\user\documents\visual studio 2015\projects\collision\collision\x64\release\collision.tlog\inf2cat-expand.5316.read.1.tlog
c:\users\user\documents\visual studio 2015\projects\collision\collision\x64\release\collision.tlog\inf2cat-expand.5316.write.1.tlog
c:\users\user\documents\visual studio 2015\projects\collision\collision\x64\release\collision.tlog\inf2cat-expand.5560.read.1.tlog
c:\users\user\documents\visual studio 2015\projects\collision\collision\x64\release\collision.tlog\inf2cat-expand.5560.write.1.tlog
c:\users\user\documents\visual studio 2015\projects\collision\collision\x64\release\collision.tlog\inf2cat-expand.5632.read.1.tlog
c:\users\user\documents\visual studio 2015\projects\collision\collision\x64\release\collision.tlog\inf2cat-expand.5632.write.1.tlog
c:\users\user\documents\visual studio 2015\projects\collision\collision\x64\release\collision.tlog\inf2cat-expand.5716.read.1.tlog
c:\users\user\documents\visual studio 2015\projects\collision\collision\x64\release\collision.tlog\inf2cat-expand.5716.write.1.tlog
c:\users\user\documents\visual studio 2015\projects\collision\collision\x64\release\collision.tlog\inf2cat-expand.5784.read.1.tlog
c:\users\user\documents\visual studio 2015\projects\collision\collision\x64\release\collision.tlog\inf2cat-expand.5784.write.1.tlog
c:\users\user\documents\visual studio 2015\projects\collision\collision\x64\release\collision.tlog\inf2cat-expand.5796.read.1.tlog
c:\users\user\documents\visual studio 2015\projects\collision\collision\x64\release\collision.tlog\inf2cat-expand.5796.write.1.tlog
c:\users\user\documents\visual studio 2015\projects\collision\collision\x64\release\collision.tlog\inf2cat-expand.6060.read.1.tlog
c:\users\user\documents\visual studio 2015\projects\collision\collision\x64\release\collision.tlog\inf2cat-expand.6060.write.1.tlog
c:\users\user\documents\visual studio 2015\projects\collision\collision\x64\release\collision.tlog\inf2cat-expand.6240.read.1.tlog
c:\users\user\documents\visual studio 2015\projects\collision\collision\x64\release\collision.tlog\inf2cat-expand.6240.write.1.tlog
c:\users\user\documents\visual studio 2015\projects\collision\collision\x64\release\collision.tlog\inf2cat-expand.6300.read.1.tlog
c:\users\user\documents\visual studio 2015\projects\collision\collision\x64\release\collision.tlog\inf2cat-expand.6300.write.1.tlog
c:\users\user\documents\visual studio 2015\projects\collision\collision\x64\release\collision.tlog\inf2cat-expand.6304.read.1.tlog
c:\users\user\documents\visual studio 2015\projects\collision\collision\x64\release\collision.tlog\inf2cat-expand.6304.write.1.tlog
c:\users\user\documents\visual studio 2015\projects\collision\collision\x64\release\collision.tlog\inf2cat-expand.6360.read.1.tlog
c:\users\user\documents\visual studio 2015\projects\collision\collision\x64\release\collision.tlog\inf2cat-expand.6360.write.1.tlog
c:\users\user\documents\visual studio 2015\projects\collision\collision\x64\release\collision.tlog\inf2cat-expand.6680.read.1.tlog
c:\users\user\documents\visual studio 2015\projects\collision\collision\x64\release\collision.tlog\inf2cat-expand.6680.write.1.tlog
c:\users\user\documents\visual studio 2015\projects\collision\collision\x64\release\collision.tlog\inf2cat-expand.6836.read.1.tlog
c:\users\user\documents\visual studio 2015\projects\collision\collision\x64\release\collision.tlog\inf2cat-expand.6836.write.1.tlog
c:\users\user\documents\visual studio 2015\projects\collision\collision\x64\release\collision.tlog\inf2cat-expand.7084.read.1.tlog
c:\users\user\documents\visual studio 2015\projects\collision\collision\x64\release\collision.tlog\inf2cat-expand.7084.write.1.tlog
c:\users\user\documents\visual studio 2015\projects\collision\collision\x64\release\collision.tlog\inf2cat-expand.7444.read.1.tlog
c:\users\user\documents\visual studio 2015\projects\collision\collision\x64\release\collision.tlog\inf2cat-expand.7444.write.1.tlog
c:\users\user\documents\visual studio 2015\projects\collision\collision\x64\release\collision.tlog\inf2cat-expand.7504.read.1.tlog
c:\users\user\documents\visual studio 2015\projects\collision\collision\x64\release\collision.tlog\inf2cat-expand.7504.write.1.tlog
c:\users\user\documents\visual studio 2015\projects\collision\collision\x64\release\collision.tlog\inf2cat-expand.7580.read.1.tlog
c:\users\user\documents\visual studio 2015\projects\collision\collision\x64\release\collision.tlog\inf2cat-expand.7580.write.1.tlog
c:\users\user\documents\visual studio 2015\projects\collision\collision\x64\release\collision.tlog\inf2cat-expand.7604.read.1.tlog
c:\users\user\documents\visual studio 2015\projects\collision\collision\x64\release\collision.tlog\inf2cat-expand.7604.write.1.tlog
c:\users\user\documents\visual studio 2015\projects\collision\collision\x64\release\collision.tlog\inf2cat-expand.7616.read.1.tlog
c:\users\user\documents\visual studio 2015\projects\collision\collision\x64\release\collision.tlog\inf2cat-expand.7616.write.1.tlog
c:\users\user\documents\visual studio 2015\projects\collision\collision\x64\release\collision.tlog\inf2cat-expand.7656.read.1.tlog
c:\users\user\documents\visual studio 2015\projects\collision\collision\x64\release\collision.tlog\inf2cat-expand.7656.write.1.tlog
c:\users\user\documents\visual studio 2015\projects\collision\collision\x64\release\collision.tlog\inf2cat-expand.7668.read.1.tlog
c:\users\user\documents\visual studio 2015\projects\collision\collision\x64\release\collision.tlog\inf2cat-expand.7668.write.1.tlog
c:\users\user\documents\visual studio 2015\projects\collision\collision\x64\release\collision.tlog\inf2cat-expand.7972.read.1.tlog
c:\users\user\documents\visual studio 2015\projects\collision\collision\x64\release\collision.tlog\inf2cat-expand.7972.write.1.tlog
c:\users\user\documents\visual studio 2015\projects\collision\collision\x64\release\collision.tlog\inf2cat-expand.800.read.1.tlog
c:\users\user\documents\visual studio 2015\projects\collision\collision\x64\release\collision.tlog\inf2cat-expand.800.write.1.tlog
c:\users\user\documents\visual studio 2015\projects\collision\collision\x64\release\collision.tlog\inf2cat-expand.8184.read.1.tlog
c:\users\user\documents\visual studio 2015\projects\collision\collision\x64\release\collision.tlog\inf2cat-expand.8184.write.1.tlog
c:\users\user\documents\visual studio 2015\projects\collision\collision\x64\release\collision.tlog\inf2cat-expand.8332.read.1.tlog
c:\users\user\documents\visual studio 2015\projects\collision\collision\x64\release\collision.tlog\inf2cat-expand.8332.write.1.tlog
c:\users\user\documents\visual studio 2015\projects\collision\collision\x64\release\collision.tlog\inf2cat-expand.8548.read.1.tlog
c:\users\user\documents\visual studio 2015\projects\collision\collision\x64\release\collision.tlog\inf2cat-expand.8548.write.1.tlog
c:\users\user\documents\visual studio 2015\projects\collision\collision\x64\release\collision.tlog\inf2cat-expand.8732.read.1.tlog
c:\users\user\documents\visual studio 2015\projects\collision\collision\x64\release\collision.tlog\inf2cat-expand.8732.write.1.tlog
c:\users\user\documents\visual studio 2015\projects\collision\collision\x64\release\collision.tlog\inf2cat-expand.8904.read.1.tlog
c:\users\user\documents\visual studio 2015\projects\collision\collision\x64\release\collision.tlog\inf2cat-expand.8904.write.1.tlog
c:\users\user\documents\visual studio 2015\projects\collision\collision\x64\release\collision.tlog\inf2cat-expand.8968.read.1.tlog
c:\users\user\documents\visual studio 2015\projects\collision\collision\x64\release\collision.tlog\inf2cat-expand.8968.write.1.tlog
c:\users\user\documents\visual studio 2015\projects\collision\collision\x64\release\collision.tlog\inf2cat-expand.8980.read.1.tlog
c:\users\user\documents\visual studio 2015\projects\collision\collision\x64\release\collision.tlog\inf2cat-expand.8980.write.1.tlog
c:\users\user\documents\visual studio 2015\projects\collision\collision\x64\release\collision.tlog\inf2cat-expand.9040.read.1.tlog
c:\users\user\documents\visual studio 2015\projects\collision\collision\x64\release\collision.tlog\inf2cat-expand.9040.write.1.tlog
c:\users\user\documents\visual studio 2015\projects\collision\collision\x64\release\collision.tlog\inf2cat-expand.9244.read.1.tlog
c:\users\user\documents\visual studio 2015\projects\collision\collision\x64\release\collision.tlog\inf2cat-expand.9244.write.1.tlog
c:\users\user\documents\visual studio 2015\projects\collision\collision\x64\release\collision.tlog\inf2cat-expand.9516.read.1.tlog
c:\users\user\documents\visual studio 2015\projects\collision\collision\x64\release\collision.tlog\inf2cat-expand.9516.write.1.tlog
c:\users\user\documents\visual studio 2015\projects\collision\collision\x64\release\collision.tlog\inf2cat-expand.9528.read.1.tlog
c:\users\user\documents\visual studio 2015\projects\collision\collision\x64\release\collision.tlog\inf2cat-expand.9528.write.1.tlog
c:\users\user\documents\visual studio 2015\projects\collision\collision\x64\release\collision.tlog\inf2cat-expand.9640.read.1.tlog
c:\users\user\documents\visual studio 2015\projects\collision\collision\x64\release\collision.tlog\inf2cat-expand.9640.write.1.tlog
c:\users\user\documents\visual studio 2015\projects\collision\collision\x64\release\collision.tlog\inf2cat-expand.9728.read.1.tlog
c:\users\user\documents\visual studio 2015\projects\collision\collision\x64\release\collision.tlog\inf2cat-expand.9728.write.1.tlog
c:\users\user\documents\visual studio 2015\projects\collision\collision\x64\release\collision.tlog\inf2cat-expand.9732.read.1.tlog
c:\users\user\documents\visual studio 2015\projects\collision\collision\x64\release\collision.tlog\inf2cat-expand.9732.write.1.tlog
c:\users\user\documents\visual studio 2015\projects\collision\collision\x64\release\collision.tlog\inf2cat-expand.read.1.tlog
c:\users\user\documents\visual studio 2015\projects\collision\collision\x64\release\collision.tlog\inf2cat-expand.write.1.tlog
c:\users\user\documents\visual studio 2015\projects\collision\collision\x64\release\collision.tlog\inf2cat.command.1.tlog
c:\users\user\documents\visual studio 2015\projects\collision\collision\x64\release\collision.tlog\inf2cat.read.1.tlog
c:\users\user\documents\visual studio 2015\projects\collision\collision\x64\release\collision.tlog\inf2cat.read.8.tlog
c:\users\user\documents\visual studio 2015\projects\collision\collision\x64\release\collision.tlog\inf2cat.write.1.tlog
c:\users\user\documents\visual studio 2015\projects\collision\collision\x64\release\collision.tlog\inf2cat.write.8.tlog
c:\users\user\documents\visual studio 2015\projects\collision\collision\x64\release\collision.tlog\link.command.1.tlog
c:\users\user\documents\visual studio 2015\projects\collision\collision\x64\release\collision.tlog\link.read.1.tlog
c:\users\user\documents\visual studio 2015\projects\collision\collision\x64\release\collision.tlog\link.write.1.tlog
c:\users\user\documents\visual studio 2015\projects\collision\collision\x64\release\collision.tlog\mc.command.1.tlog
c:\users\user\documents\visual studio 2015\projects\collision\collision\x64\release\collision.tlog\mc.read.1.tlog
c:\users\user\documents\visual studio 2015\projects\collision\collision\x64\release\collision.tlog\mc.write.1.tlog
c:\users\user\documents\visual studio 2015\projects\collision\collision\x64\release\collision.tlog\rc.command.1.tlog
c:\users\user\documents\visual studio 2015\projects\collision\collision\x64\release\collision.tlog\rc.read.1.tlog
c:\users\user\documents\visual studio 2015\projects\collision\collision\x64\release\collision.tlog\rc.write.1.tlog
c:\users\user\documents\visual studio 2015\projects\collision\collision\x64\release\collision.tlog\signtool.command.1.tlog
c:\users\user\documents\visual studio 2015\projects\collision\collision\x64\release\collision.tlog\signtool.read.1.tlog
c:\users\user\documents\visual studio 2015\projects\collision\collision\x64\release\collision.tlog\signtool.timestamp.1.tlog
c:\users\user\documents\visual studio 2015\projects\collision\collision\x64\release\collision.tlog\signtool.write.1.tlog
c:\users\user\documents\visual studio 2015\projects\collision\collision\x64\release\collision.tlog\stampinf.command.1.tlog
c:\users\user\documents\visual studio 2015\projects\collision\collision\x64\release\collision.tlog\stampinf.read.1.tlog
c:\users\user\documents\visual studio 2015\projects\collision\collision\x64\release\collision.tlog\stampinf.write.1.tlog
